
libcameraSP.so:     file format elf32-little

DYNAMIC SYMBOL TABLE:
00000000      DF *UND*	00000000 __aeabi_unwind_cpp_pr0
0000c7ed g    DF .text	0000006c _ZN7android22QualcommCameraHardware18filterPictureSizesEv
0000c859 g    DF .text	00000030 _ZN7android22QualcommCameraHardware22supportsSceneDetectionEv
00023d04 g    DO .data	0000003c boardProperties
0000c889 g    DF .text	00000030 _ZN7android22QualcommCameraHardware24supportsSelectableZoneAfEv
0000c8b9 g    DF .text	00000030 _ZN7android22QualcommCameraHardware21supportsFaceDetectionEv
0000c8e9 g    DF .text	00000034 _ZN7android22QualcommCameraHardware9mapBufferEP9msm_frame
0000c91d g    DF .text	00000030 _ZN7android22QualcommCameraHardware14mapvideoBufferEP9msm_frame
0000c94d g    DF .text	00000030 _ZN7android22QualcommCameraHardware8mapFrameEPPK13native_handle
0000c97d g    DF .text	0000000c _ZN7android22QualcommCameraHardware17set_PreviewWindowEPv
0000c989 g    DF .text	00000004 _ZN7android22QualcommCameraHardware16initLiveSnapshotEii
0000c98d g    DF .text	00000002 _ZN7android22QualcommCameraHardware19receiveLiveSnapshotEj
0000c7cd g    DF .text	00000004 _ZN7android22QualcommCameraHardware21setFaceDetectionStateEi
0000c991 g    DF .text	0000000c _ZN7android22QualcommCameraHardware22storeMetaDataInBuffersEi
0000c99d g    DF .text	0000000e _ZN7android22QualcommCameraHardware14msgTypeEnabledEi
00000000      DF *UND*	00000000 __aeabi_idiv
0000c9ad g    DF .text	00000058 _ZN7android22QualcommCameraHardware16isValidDimensionEii
0000ca05 g    DF .text	00000018 HAL_getCameraInfo
0000c98d  w   DF .text	00000002 _ZNK7android6VectorIP9msm_frameE12do_constructEPvj
0000c98d  w   DF .text	00000002 _ZNK7android6VectorIP9msm_frameE10do_destroyEPvj
0000ca1d  w   DF .text	00000010 _ZNK7android6VectorIP9msm_frameE8do_splatEPvPKvj
0000ca2d  w   DF .text	00000022 _ZNK7android12SortedVectorINS_16key_value_pair_tINS_7String8ES2_EEE12do_constructEPvj
00000000      DF *UND*	00000000 _ZN7android7String8C1Ev
0000ca51  w   DF .text	0000001e _ZNK7android12SortedVectorINS_16key_value_pair_tINS_7String8ES2_EEE10do_destroyEPvj
00000000      DF *UND*	00000000 _ZN7android7String8D1Ev
00000000      DF *UND*	00000000 __aeabi_atexit
00000000      DF *UND*	00000000 pthread_mutex_init
00023e40 g    D  .bss	00000000 __dso_handle
00000000      DF *UND*	00000000 pthread_mutex_destroy
0000cd25 g    DF .text	00000064 HAL_getNumberOfCameras
00000000      DF *UND*	00000000 fopen
00000000      DF *UND*	00000000 fclose
00000000      DF *UND*	00000000 __android_log_print
0000cd89 g    DF .text	00000050 _ZN7android22QualcommCameraHardware14getVideoBufferEi
0000cdd9 g    DF .text	00000028 _ZN7android22QualcommCameraHardware23getNumberOfVideoBuffersEv
0000ce01 g    DF .text	00000044 _ZN7android22QualcommCameraHardware14previewEnabledEv
0000ce45 g    DF .text	00000058 _ZN7android22QualcommCameraHardware16recordingEnabledEv
00024228 g    DO .bss	000001e0 exif_data
0000cfad g    DF .text	0000003c _ZN7android22QualcommCameraHardware19hasAutoFocusSupportEv
00024418 g    DO .bss	0000000c _ZN7android7mCamOpsE
0000cfe9  w   DF .text	0000001a _ZN7android2spINS_14MemoryHeapBaseEEC1EPS1_
00000000      DF *UND*	00000000 _ZNK7android7RefBase9incStrongEPKv
0000d005  w   DF .text	00000026 _ZN7android2spINS_11IMemoryHeapEEC1INS_14MemoryHeapBaseEEERKNS0_IT_EE
0000d02d g    DF .text	000000a0 _ZN7android22QualcommCameraHardware13getBufferInfoERNS_2spINS_7IMemoryEEEPj
00000000      DF *UND*	00000000 _ZNK7android7RefBase9decStrongEPKv
0000d0cd  w   DF .text	0000001c _ZN7android2spINS_14MemoryHeapBaseEE5clearEv
0000d0e9  w   DF .text	0000001a _ZN7android2spINS_14MemoryHeapBaseEED1Ev
0000d105 g    DF .text	0000006c _ZNK7android22QualcommCameraHardware14getPreviewHeapEv
0000d171 g    DF .text	00000038 _ZNK7android22QualcommCameraHardware10getRawHeapEv
0000d1a9  w   DF .text	0000002e _ZN7android2spINS_14MemoryHeapBaseEEaSINS_14MemoryHeapPmemEEERS2_RKNS0_IT_EE
0000d0e9  w   DF .text	0000001a _ZN7android2spINS_14MemoryHeapPmemEED1Ev
0000d1d9  w   DF .text	0000002e _ZN7android2spINS_14MemoryHeapBaseEEaSEPS1_
0000d209  w   DF .text	00000020 _ZN7android2spINS_22QualcommCameraHardware8PmemPoolEEaSERKS3_
0000d229  w   DF .text	00000014 _ZN7android2spINS_22QualcommCameraHardware10AshmemPoolEE5clearEv
0000d23d  w   DF .text	00000012 _ZN7android2spINS_22QualcommCameraHardware8PmemPoolEED1Ev
0000d229  w   DF .text	00000014 _ZN7android2spINS_22QualcommCameraHardware8PmemPoolEE5clearEv
0000d251  w   DF .text	00000020 _ZN7android2spINS_22QualcommCameraHardware8PmemPoolEEaSEPS2_
0000d271 g    DF .text	00000090 _ZN7android22QualcommCameraHardware30receive_camframe_error_timeoutEv
00000000      DF *UND*	00000000 getpid
00000000      DF *UND*	00000000 kill
0000d301 g    DF .text	00000024 _ZN7android22QualcommCameraHardware14disableMsgTypeEi
00000000      DF *UND*	00000000 pthread_mutex_lock
00000000      DF *UND*	00000000 pthread_mutex_unlock
0000d325 g    DF .text	00000022 _ZN7android22QualcommCameraHardware13enableMsgTypeEi
0000d349 g    DF .text	0000001a _ZN7android22QualcommCameraHardware10FrameQueue13isInitializedEv
0000d365 g    DF .text	00000044 _ZN7android22QualcommCameraHardware15setHistogramOffEv
0000d3a9 g    DF .text	000000a8 _ZN7android22QualcommCameraHardware12setCallbacksEPFviiiPvEPFviPK13camera_memoryjP21camera_frame_metadataS1_EPFvxiS6_jS1_EPFPS4_ijjS1_ES1_
00000000      DF *UND*	00000000 _ZN7android10CameraFace10initializeEPNS_16face_config_typeE
00000000      DF *UND*	00000000 _ZN7android7String86appendEPKc
0000d499 g    DF .text	000000fc _ZNK7android22QualcommCameraHardware7MemPool4dumpEiRKNS_6VectorINS_8String16EEE
00000000      DF *UND*	00000000 snprintf
00000000      DF *UND*	00000000 _ZNK7android14MemoryHeapBase9getDeviceEv
00000000      DF *UND*	00000000 write
00000000      DF *UND*	00000000 __stack_chk_fail
00000000      DO *UND*	00000000 __stack_chk_guard
0000d595 g    DF .text	000000ec _ZN7android22QualcommCameraHardware17native_zoom_imageEiiiP13common_crop_t
00000000      DF *UND*	00000000 ioctl
00024170 g    DO .bss	00000064 zoomImage
0000d681 g    DF .text	00000050 _ZN7android22QualcommCameraHardware16memoryCacheFlushEiim
00000000      DF *UND*	00000000 __errno
00000000      DF *UND*	00000000 strerror
0000d751 g    DF .text	0000005c _ZN7android22QualcommCameraHardware16native_set_parmsE21mm_camera_parm_type_ttPvPi
0000d7ad g    DF .text	0000003c _ZN7android22QualcommCameraHardware16native_set_parmsE21mm_camera_parm_type_ttPv
0000d7e9 g    DF .text	000000a4 _ZN7android22QualcommCameraHardware16setVpeParametersEv
0000d88d g    DF .text	00000060 _ZN7android22QualcommCameraHardware6setDISEv
0000d8ed g    DF .text	0000006c _ZN7android22QualcommCameraHardware16native_get_parmsE21mm_camera_parm_type_tPv
0000d959 g    DF .text	0000006c _ZN7android22QualcommCameraHardware7MemPoolD1Ev
00000000      DF *UND*	00000000 _ZdaPv
00000000      DF *UND*	00000000 _ZN7android7RefBaseD2Ev
000235a8 g    DO .data.rel.ro	00000024 _ZTVN7android22QualcommCameraHardware7MemPoolE
0000d9c5 g    DF .text	00000012 _ZN7android22QualcommCameraHardware7MemPoolD0Ev
00000000      DF *UND*	00000000 _ZdlPv
0000d959 g    DF .text	0000006c _ZN7android22QualcommCameraHardware7MemPoolD2Ev
00023158  w   DO .data.rel.ro	00000024 _ZTVN7android22QualcommCameraHardware10AshmemPoolE
0000da11 g    DF .text	00000100 _ZN7android22QualcommCameraHardware8PmemPoolD1Ev
00000000      DF *UND*	00000000 strcmp
00023540 g    DO .data.rel.ro	00000024 _ZTVN7android22QualcommCameraHardware8PmemPoolE
0000db11 g    DF .text	00000012 _ZN7android22QualcommCameraHardware8PmemPoolD0Ev
0000da11 g    DF .text	00000100 _ZN7android22QualcommCameraHardware8PmemPoolD2Ev
0000db55  w   DF .text	00000020 _ZNK7android12SortedVectorINS_16key_value_pair_tINS_7String8ES2_EEE10do_compareEPKvS6_
0000db75 g    DF .text	000000ae _ZN7android22QualcommCameraHardware7MemPool22completeInitializationEv
00000000      DF *UND*	00000000 _Znaj
00000000      DF *UND*	00000000 _Znwj
00000000      DF *UND*	00000000 _ZN7android10MemoryBaseC1ERKNS_2spINS_11IMemoryHeapEEElj
0000dc25 g    DF .text	00000054 _ZN7android22QualcommCameraHardware7MemPoolC1EiiiPKc
00000000      DF *UND*	00000000 _ZN7android7RefBaseC2Ev
00000000      DO *UND*	00000000 __page_size
0000dc25 g    DF .text	00000054 _ZN7android22QualcommCameraHardware7MemPoolC2EiiiPKc
0000dc79 g    DF .text	000002e8 _ZN7android22QualcommCameraHardware8PmemPoolC1EPKciiiiiiiS3_b
00000000      DF *UND*	00000000 _ZN7android14MemoryHeapBaseC1EPKcjj
00000000      DF *UND*	00000000 _ZN7android14MemoryHeapPmemC1ERKNS_2spINS_14MemoryHeapBaseEEEj
0000df61 g    DF .text	000002e8 _ZN7android22QualcommCameraHardware8PmemPoolC2EPKciiiiiiiS3_b
0000e249 g    DF .text	00000068 _ZN7android22QualcommCameraHardware10AshmemPoolC1EiiiPKc
00000000      DF *UND*	00000000 _ZN7android14MemoryHeapBaseC1EjjPKc
0000e2b1 g    DF .text	000000f4 _ZN7android22QualcommCameraHardware14setHistogramOnEv
0000e249 g    DF .text	00000068 _ZN7android22QualcommCameraHardware10AshmemPoolC2EiiiPKc
0000e3a5 g    DF .text	00000098 _ZN7android22QualcommCameraHardware13setBrightnessERKNS_16CameraParametersE
00000000      DF *UND*	00000000 _ZNK7android16CameraParameters6getIntEPKc
0000e43d g    DF .text	000001e4 _ZN7android22QualcommCameraHardware7setZoomERKNS_16CameraParametersE
00000000      DF *UND*	00000000 _ZN7android16CameraParameters3setEPKci
0000e621 g    DF .text	000000c8 _ZN7android22QualcommCameraHardware11setRotationERKNS_16CameraParametersE
00000000      DO *UND*	00000000 _ZN7android16CameraParameters12KEY_ROTATIONE
0000e6e9 g    DF .text	00000050 _ZN7android22QualcommCameraHardware17setOverlayFormatsERKNS_16CameraParametersE
0000e739 g    DF .text	000000a8 _ZN7android22QualcommCameraHardware22setSkinToneEnhancementERKNS_16CameraParametersE
0000e7e1 g    DF .text	000000d0 _ZN7android22QualcommCameraHardware13setSaturationERKNS_16CameraParametersE
00000000      DO *UND*	00000000 _ZN7android16CameraParameters14KEY_SATURATIONE
0000e8b1 g    DF .text	000000b0 _ZN7android22QualcommCameraHardware12setSharpnessERKNS_16CameraParametersE
00000000      DO *UND*	00000000 _ZN7android16CameraParameters13KEY_SHARPNESSE
0000e961 g    DF .text	000000e0 _ZN7android22QualcommCameraHardware23setExposureCompensationERKNS_16CameraParametersE
00000000      DO *UND*	00000000 _ZN7android16CameraParameters25KEY_EXPOSURE_COMPENSATIONE
0000ea41 g    DF .text	000000bc _ZN7android22QualcommCameraHardware14setJpegQualityERKNS_16CameraParametersE
00000000      DO *UND*	00000000 _ZN7android16CameraParameters16KEY_JPEG_QUALITYE
00000000      DO *UND*	00000000 _ZN7android16CameraParameters26KEY_JPEG_THUMBNAIL_QUALITYE
0000eafd g    DF .text	000000cc _ZN7android22QualcommCameraHardware14restartPreviewEv
0000ebc9 g    DF .text	00000090 _ZN7android22QualcommCameraHardware24native_get_parms_n_storeE21mm_camera_parm_type_tPKci
0000ec59 g    DF .text	000000ac _ZN7android22QualcommCameraHardware15set3DFileFormatERKNS_16CameraParametersE
00000000      DF *UND*	00000000 _ZNK7android16CameraParameters3getEPKc
00000000      DO *UND*	00000000 _ZN7android16CameraParameters28KEY_SUPPORTED_3D_FILE_FORMATE
00000000      DO *UND*	00000000 _ZN7android16CameraParameters15FILE_FORMAT_JPSE
0000ed05 g    DF .text	000000f0 _ZN7android22QualcommCameraHardware11setContrastERKNS_16CameraParametersE
00000000      DO *UND*	00000000 _ZN7android16CameraParameters14KEY_SCENE_MODEE
00000000      DO *UND*	00000000 _ZN7android16CameraParameters12KEY_CONTRASTE
0000edf5 g    DF .text	0000012c _ZN7android22QualcommCameraHardware16runFaceDetectionEv
00000000      DO *UND*	00000000 _ZN7android16CameraParameters18KEY_FACE_DETECTIONE
0000ef21 g    DF .text	0000005c _ZN7android22QualcommCameraHardware16setPictureFormatERKNS_16CameraParametersE
00000000      DF *UND*	00000000 _ZN7android16CameraParameters3setEPKcS2_
00000000      DO *UND*	00000000 _ZN7android16CameraParameters18KEY_PICTURE_FORMATE
0000ef7d g    DF .text	0000006c _ZN7android22QualcommCameraHardware14setOrientationERKNS_16CameraParametersE
0000efe9 g    DF .text	00000064 _ZN7android22QualcommCameraHardware12setFocusModeERKNS_16CameraParametersE
00000000      DO *UND*	00000000 _ZN7android16CameraParameters14KEY_FOCUS_MODEE
0000f04d g    DF .text	000000f0 _ZN7android22QualcommCameraHardware12setSceneModeERKNS_16CameraParametersE
0000f13d g    DF .text	00000110 _ZN7android22QualcommCameraHardware14setSceneDetectERKNS_16CameraParametersE
00000000      DO *UND*	00000000 _ZN7android16CameraParameters16KEY_SCENE_DETECTE
0000f24d g    DF .text	00000130 _ZN7android22QualcommCameraHardware11setISOValueERKNS_16CameraParametersE
00000000      DO *UND*	00000000 _ZN7android16CameraParameters12KEY_ISO_MODEE
0000f37d g    DF .text	000000a4 _ZN7android22QualcommCameraHardware18setFrontCameraModeERKNS_16CameraParametersE
0000f421 g    DF .text	0000011c _ZN7android22QualcommCameraHardware10setAwbLockERKNS_16CameraParametersE
00000000      DO *UND*	00000000 _ZN7android16CameraParameters14KEY_FLASH_MODEE
00000000      DO *UND*	00000000 _ZN7android16CameraParameters26KEY_AUTO_WHITEBALANCE_LOCKE
0000f53d g    DF .text	0000011c _ZN7android22QualcommCameraHardware10setAecLockERKNS_16CameraParametersE
00000000      DO *UND*	00000000 _ZN7android16CameraParameters22KEY_AUTO_EXPOSURE_LOCKE
0000f659 g    DF .text	000000a0 _ZN7android22QualcommCameraHardware19setSelectableZoneAfERKNS_16CameraParametersE
00000000      DO *UND*	00000000 _ZN7android16CameraParameters22KEY_SELECTABLE_ZONE_AFE
0000f6f9 g    DF .text	00000090 _ZN7android22QualcommCameraHardware15setContinuousAfERKNS_16CameraParametersE
00000000      DO *UND*	00000000 _ZN7android16CameraParameters17KEY_CONTINUOUS_AFE
0000f789 g    DF .text	000000b0 _ZN7android22QualcommCameraHardware17setLensshadeValueERKNS_16CameraParametersE
00000000      DO *UND*	00000000 _ZN7android16CameraParameters13KEY_LENSSHADEE
0000f839 g    DF .text	000000d8 _ZN7android22QualcommCameraHardware8setFlashERKNS_16CameraParametersE
0000f911 g    DF .text	00000108 _ZN7android22QualcommCameraHardware15setWhiteBalanceERKNS_16CameraParametersE
00000000      DO *UND*	00000000 _ZN7android16CameraParameters17KEY_WHITE_BALANCEE
0000fa19 g    DF .text	000000e4 _ZN7android22QualcommCameraHardware15setAutoExposureERKNS_16CameraParametersE
00000000      DO *UND*	00000000 _ZN7android16CameraParameters17KEY_AUTO_EXPOSUREE
0000fafd g    DF .text	0000011c _ZN7android22QualcommCameraHardware9setEffectERKNS_16CameraParametersE
00000000      DO *UND*	00000000 _ZN7android16CameraParameters10KEY_EFFECTE
0000fc19 g    DF .text	0000019c _ZN7android22QualcommCameraHardware14setGpsLocationERKNS_16CameraParametersE
00000000      DF *UND*	00000000 _ZN7android16CameraParameters6removeEPKc
00000000      DO *UND*	00000000 _ZN7android16CameraParameters25KEY_GPS_PROCESSING_METHODE
00000000      DO *UND*	00000000 _ZN7android16CameraParameters16KEY_GPS_LATITUDEE
00000000      DO *UND*	00000000 _ZN7android16CameraParameters20KEY_GPS_LATITUDE_REFE
00000000      DO *UND*	00000000 _ZN7android16CameraParameters17KEY_GPS_LONGITUDEE
00000000      DO *UND*	00000000 _ZN7android16CameraParameters21KEY_GPS_LONGITUDE_REFE
00000000      DO *UND*	00000000 _ZN7android16CameraParameters20KEY_GPS_ALTITUDE_REFE
00000000      DO *UND*	00000000 _ZN7android16CameraParameters16KEY_GPS_ALTITUDEE
00000000      DO *UND*	00000000 _ZN7android16CameraParameters14KEY_GPS_STATUSE
00000000      DO *UND*	00000000 _ZN7android16CameraParameters17KEY_EXIF_DATETIMEE
00000000      DO *UND*	00000000 _ZN7android16CameraParameters17KEY_GPS_TIMESTAMPE
0000fdb5 g    DF .text	000001f4 _ZN7android22QualcommCameraHardware16setRecordingHintERKNS_16CameraParametersE
00000000      DF *UND*	00000000 _ZNK7android16CameraParameters14getPreviewSizeEPiS1_
00000000      DO *UND*	00000000 _ZN7android16CameraParameters18KEY_RECORDING_HINTE
0000ffa9 g    DF .text	0000031c _ZN7android22QualcommCameraHardware11setTouchAecERKNS_16CameraParametersE
00000000      DF *UND*	00000000 memset
00000000      DF *UND*	00000000 strchr
00000000      DF *UND*	00000000 sscanf
00000000      DO *UND*	00000000 _ZN7android16CameraParameters26KEY_MAX_NUM_METERING_AREASE
00000000      DO *UND*	00000000 _ZN7android16CameraParameters18KEY_METERING_AREASE
000102c5 g    DF .text	00000354 _ZN7android22QualcommCameraHardware10setTouchAfERKNS_16CameraParametersE
00000000      DO *UND*	00000000 _ZN7android16CameraParameters23KEY_MAX_NUM_FOCUS_AREASE
00000000      DO *UND*	00000000 _ZN7android16CameraParameters15KEY_FOCUS_AREASE
00010619 g    DF .text	000001b4 _ZN7android22QualcommCameraHardware14setAntibandingERKNS_16CameraParametersE
00000000      DF *UND*	00000000 __system_property_get
00000000      DF *UND*	00000000 atoi
00000000      DO *UND*	00000000 _ZN7android16CameraParameters15KEY_ANTIBANDINGE
000107cd g    DF .text	00000058 _ZN7android22QualcommCameraHardware26receiveJpegPictureFragmentEPhj
00000000      D  *UND*	00000000 memcpy
00000000      DF *UND*	00000000 __aeabi_idivmod
00010825 g    DF .text	000000b4 _ZN7android22QualcommCameraHardware18receiveCameraStatsE13camstats_typeP29camera_preview_histogram_info
000108d9  w   DF .text	00000010 _ZNK7android6VectorIP9msm_frameE7do_copyEPvPKvj
000108e9 g    DF .text	00000090 _ZN7android22QualcommCameraHardware14setStrTexturesERKNS_16CameraParametersE
00000000      DF *UND*	00000000 strncmp
00010979 g    DF .text	0000007c _ZN7android22QualcommCameraHardware15storeTargetTypeEv
000109f5 g    DF .text	0000006c _ZN7android22QualcommCameraHardware16setPreviewFormatERKNS_16CameraParametersE
00000000      DF *UND*	00000000 _ZNK7android16CameraParameters16getPreviewFormatEv
00000000      DO *UND*	00000000 _ZN7android16CameraParameters18KEY_PREVIEW_FORMATE
00010a61 g    DF .text	00000068 _ZN7android22QualcommCameraHardware18setPreviewFpsRangeERKNS_16CameraParametersE
00000000      DF *UND*	00000000 _ZNK7android16CameraParameters18getPreviewFpsRangeEPiS1_
00000000      DF *UND*	00000000 _ZN7android16CameraParameters18setPreviewFpsRangeEii
00010ac9 g    DF .text	00000148 _ZN7android22QualcommCameraHardware20setJpegThumbnailSizeERKNS_16CameraParametersE
00000000      DF *UND*	00000000 _ZNK7android16CameraParameters14getPictureSizeEPiS1_
00000000      DO *UND*	00000000 _ZN7android16CameraParameters24KEY_JPEG_THUMBNAIL_WIDTHE
00000000      DO *UND*	00000000 _ZN7android16CameraParameters25KEY_JPEG_THUMBNAIL_HEIGHTE
00010c11 g    DF .text	000001c0 _ZN7android22QualcommCameraHardware13notifyShutterEP13common_crop_tb
00010dd1 g    DF .text	000000f4 _ZN7android22QualcommCameraHardware14setPictureSizeERKNS_16CameraParametersE
00000000      DF *UND*	00000000 _ZN7android16CameraParameters14setPictureSizeEii
00010ec5 g    DF .text	000000b0 _ZN7android22QualcommCameraHardware19setPreviewFrameRateERKNS_16CameraParametersE
00000000      DF *UND*	00000000 _ZNK7android16CameraParameters19getPreviewFrameRateEv
00000000      DF *UND*	00000000 _ZN7android16CameraParameters19setPreviewFrameRateEi
00010f75 g    DF .text	00000204 _ZN7android22QualcommCameraHardware14setPreviewSizeERKNS_16CameraParametersE
00000000      DF *UND*	00000000 _ZN7android16CameraParameters14setPreviewSizeEii
00011179 g    DF .text	000000c0 _ZN7android22QualcommCameraHardware12setVideoSizeERKNS_16CameraParametersE
00000000      DF *UND*	00000000 _ZNK7android16CameraParameters12getVideoSizeEPiS1_
00000000      DF *UND*	00000000 _ZN7android16CameraParameters12setVideoSizeEii
00011239 g    DF .text	00000104 _ZN7android22QualcommCameraHardware18receiveJpegPictureEv
00000000      DF *UND*	00000000 pthread_cond_signal
00023e9c g    DO .bss	00000004 LINK_mpo_encoder_set_api_info
0001133d g    DF .text	0000012c _ZN7android22QualcommCameraHardware21releaseRecordingFrameEPKv
00024218 g    DO .bss	00000004 LINK_camframe_add_frame
00011469 g    DF .text	00000022 _ZN7android22QualcommCameraHardware10FrameQueue6deinitEv
0001148d g    DF .text	00000022 _ZN7android22QualcommCameraHardware10FrameQueue4initEv
000114b1 g    DF .text	00000154 _ZN7android22QualcommCameraHardware17relinquishBuffersEv
00000000      DF *UND*	00000000 genlock_unlock_buffer
00011605 g    DF .text	000000f4 _ZN7android22QualcommCameraHardware21deinitThumbnailBufferEv
00000000      DF *UND*	00000000 __aeabi_uidiv
00000000      DF *UND*	00000000 memmove
0002401c g    DO .bss	00000004 LINK_jpeg_encoder_get_buffer_offset
00011961  w   DF .text	00000010 _ZNK7android6VectorIP9msm_frameE16do_move_backwardEPvPKvj
00011961  w   DF .text	00000010 _ZNK7android6VectorIP9msm_frameE15do_move_forwardEPvPKvj
00000000      DF *UND*	00000000 sprintf
00011a09 g    DF .text	00000114 _ZN7android22QualcommCameraHardware17notifyHtcCallbackEiii
00000000      DF *UND*	00000000 pthread_mutex_trylock
00011b1d g    DF .text	000000f8 _ZN7android22QualcommCameraHardware9autoFocusEv
00000000      DF *UND*	00000000 pthread_attr_init
00000000      DF *UND*	00000000 pthread_attr_setdetachstate
00000000      DF *UND*	00000000 pthread_create
00017b25 g    DF .text	00000028 _ZN7android17auto_focus_threadEPv
00011c15 g    DF .text	00000160 _ZN7android22QualcommCameraHardware15initRawSnapshotEv
00000000      DF *UND*	00000000 open
00011d75 g    DF .text	000000a0 _ZN7android22QualcommCameraHardware13deinitPreviewEv
00000000      DF *UND*	00000000 pthread_cond_wait
00023e68 g    DO .bss	00000004 LINK_camframe_terminate
00011e15 g    DF .text	000000bc _ZN7android17mm_camera_do_mmapEjPi
00000000      DF *UND*	00000000 mmap
00000000      DF *UND*	00000000 close
00011ed1 g    DF .text	0000008a _ZN7android22QualcommCameraHardware9deinitRawEv
00011f5d g    DF .text	00000058 _ZN7android22QualcommCameraHardware17deinitRawSnapshotEv
00011fb5 g    DF .text	0000008c _ZN7android22QualcommCameraHardware18receiveRawSnapshotEv
00012041 g    DF .text	000007fc _ZN7android22QualcommCameraHardware7initRawEb
00024040 g    DO .bss	00000004 LINK_jpeg_encoder_setRotation
00000000      DF *UND*	00000000 __aeabi_l2f
0001283d g    DF .text	000000c0 _ZNK7android22QualcommCameraHardware17debugShowVideoFPSEv
00000000      DF *UND*	00000000 systemTime
00000000      DF *UND*	00000000 __aeabi_unwind_cpp_pr1
000128fd g    DF .text	000000c0 _ZNK7android22QualcommCameraHardware19debugShowPreviewFPSEv
000129bd g    DF .text	00000088 _ZN7android22QualcommCameraHardware21receiveRecordingFrameEP9msm_frame
00000000      DF *UND*	00000000 malloc
00012a45 g    DF .text	0000075c _ZN7android22QualcommCameraHardware11startCameraEv
00000000      DF *UND*	00000000 dlerror
00000000      DF *UND*	00000000 dlsym
00024058 g    DO .bss	00000004 LINK_cam_frame
00023f84 g    DO .bss	00000004 LINK_jpeg_encoder_init
00024018 g    DO .bss	00000004 LINK_get_current_product
0002400c g    DO .bss	00000004 LINK_mpo_encoder_init
0002410c g    DO .bss	00000004 LINK_jpeg_encoder_encode
00023e5c g    DO .bss	00000004 LINK_jpeg_encoder_join
00023e54 g    DO .bss	00000004 LINK_mpo_encoder_encode
000240f4 g    DO .bss	00000004 LINK_mpo_encoder_join
00023ea0 g    DO .bss	00000020 _ZN7android10mCamNotifyE
0002405c g    DO .bss	00000004 LINK_camframe_release_all_frames
00023ec8 g    DO .bss	00000004 LINK_whichCamera
00023f38 g    DO .bss	00000004 LINK_mmcamera_shutter_callback
00024120 g    DO .bss	00000004 LINK_mmcamera_htc_callback
00024158 g    DO .bss	00000004 LINK_jpeg_encoder_setMainImageQuality
00024128 g    DO .bss	00000004 LINK_jpeg_encoder_setThumbnailQuality
000240f8 g    DO .bss	00000004 LINK_jpeg_encoder_set_3D_info
00024210 g    DO .bss	00000004 LINK_cam_conf
00024064 g    DO .bss	00000004 LINK_default_sensor_get_preview_sizes_table
00024074 g    DO .bss	00000004 LINK_default_sensor_get_snapshot_sizes
000240d8 g    DO .bss	00000004 LINK_launch_cam_conf_thread
000240ec g    DO .bss	00000004 LINK_release_cam_conf_thread
00024214 g    DO .bss	00000004 LINK_mm_camera_init
000241f0 g    DO .bss	00000004 LINK_cancel_liveshot
00024410 g    DO .bss	00000004 LINK_set_liveshot_params
00024028 g    DO .bss	00000004 LINK_mm_camera_deinit
00024150 g    DO .bss	00000004 LINK_mm_camera_destroy
00024414 g    DO .bss	00000004 LINK_mm_camera_exec
00024160 g    DO .bss	00000004 LINK_ummap_gpu_addr_for_NativeWindow
0002420c g    DO .bss	00000004 LINK_sp3d_get_af_release_status
0002416c g    DO .bss	00000004 LINK_set_first_frame_received_status
000131a1 g    DF .text	00000034 _ZN7android22QualcommCameraHardware11sendCommandEiii
00000000      DF *UND*	00000000 _ZN7android10CameraFace18startFaceDetectionEii
00000000      DF *UND*	00000000 _ZN7android10CameraFace17stopFaceDetectionEii
000131d5  w   DF .text	00000044 _ZNK7android12SortedVectorINS_16key_value_pair_tINS_7String8ES2_EEE16do_move_backwardEPvPKvj
00000000      DF *UND*	00000000 _ZN7android7String8C1ERKS0_
00013219  w   DF .text	0000003a _ZNK7android12SortedVectorINS_16key_value_pair_tINS_7String8ES2_EEE15do_move_forwardEPvPKvj
00013255  w   DF .text	0000002a _ZNK7android12SortedVectorINS_16key_value_pair_tINS_7String8ES2_EEE8do_splatEPvPKvj
00013281  w   DF .text	00000036 _ZNK7android12SortedVectorINS_16key_value_pair_tINS_7String8ES2_EEE7do_copyEPvPKvj
00000000      DF *UND*	00000000 _ZN7android10VectorImpl13finish_vectorEv
00000000      DF *UND*	00000000 _ZN7android16SortedVectorImplD2Ev
00023180  w   DO .data.rel.ro	0000006c _ZTVN7android12SortedVectorINS_16key_value_pair_tINS_7String8ES2_EEEE
00000000      DF *UND*	00000000 _ZN7android10VectorImplC2ERKS0_
00013325 g    DF .text	00000032 _ZNK7android22QualcommCameraHardware13getParametersEv
00000000      DF *UND*	00000000 _ZNK7android10CameraFace13getParametersERNS_16CameraParametersE
00013359 g    DF .text	00000080 _ZN7android22QualcommCameraHardware14GPUEffectParamEPKcPiS3_S3_S3_
00000000      DF *UND*	00000000 strtol
000133d9 g    DF .text	000001d0 _ZN7android22QualcommCameraHardware18handleGEParametersERNS_16CameraParametersE
00000000      DF *UND*	00000000 _ZN7android21SurfaceComposerClient15getDisplayWidthEi
00000000      DF *UND*	00000000 _ZN7android21SurfaceComposerClient16getDisplayHeightEi
00000000      DF *UND*	00000000 _ZN7android7String812appendFormatEPKcz
000135a9 g    DF .text	0000021c _ZN7android22QualcommCameraHardware12runAutoFocusEv
00000000      DF *UND*	00000000 prctl
00000000      DF *UND*	00000000 dlclose
00000000      DF *UND*	00000000 dlopen
00000000      DO *UND*	00000000 _ZN7android16CameraParameters19FOCUS_MODE_INFINITYE
00000000      DO *UND*	00000000 _ZN7android16CameraParameters18SCENE_MODE_FLOWERSE
00000000      DO *UND*	00000000 _ZN7android16CameraParameters16FOCUS_MODE_MACROE
000137c5 g    DF .text	000001a0 _ZN7android22QualcommCameraHardware19initThumbnailBufferEv
00000000      DF *UND*	00000000 genlock_lock_buffer
00013965 g    DF .text	00000204 _ZN7android22QualcommCameraHardware20runHtcCallbackThreadEPv
00000000      DF *UND*	00000000 pipe
00000000      DF *UND*	00000000 read
00000000      DF *UND*	00000000 strtod
00013c19 g    DF .text	00000274 _ZN7android22QualcommCameraHardware16setGpsParametersEv
00000000      DF *UND*	00000000 strncpy
00000000      DF *UND*	00000000 strlen
00000000      DF *UND*	00000000 _ZNK7android16CameraParameters8getFloatEPKc
00000000      DF *UND*	00000000 atol
00000000      DF *UND*	00000000 gmtime
00000000      DF *UND*	00000000 strftime
00013e91 g    DF .text	00000058 _ZN7android22QualcommCameraHardware21set_liveshot_exifinfoEv
00013ee9 g    DF .text	00000168 _ZN7android22QualcommCameraHardware16takeLiveSnapshotEv
00014051 g    DF .text	00000220 _ZN7android22QualcommCameraHardware17jpeg_set_locationEv
00000000      DF *UND*	00000000 time
00014271 g    DF .text	00000510 _ZN7android22QualcommCameraHardware18native_jpeg_encodeEv
00000000      DF *UND*	00000000 localtime
00000000      DO *UND*	00000000 _ZN7android16CameraParameters16KEY_FOCAL_LENGTHE
00014781 g    DF .text	00000964 _ZN7android22QualcommCameraHardware17receiveRawPictureEv
00000000      DF *UND*	00000000 _ZN7android10CameraFace12processImageEPhii
00000000      DF *UND*	00000000 _ZN7android8CameraPP17handleAutoEnhanceEPhPv
00000000      DF *UND*	00000000 gettimeofday
000150e5 g    DF .text	000001c0 _ZN7android22QualcommCameraHardware17runSnapshotThreadEPv
000152a5 g    DF .text	00000154 _ZNK7android22QualcommCameraHardware4dumpEiRKNS_6VectorINS_8String16EEE
00000000      DF *UND*	00000000 _ZNK7android16CameraParameters4dumpEiRKNS_6VectorINS_8String16EEE
000153f9 g    DF .text	00001530 _ZN7android22QualcommCameraHardware21initDefaultParametersEv
00000000      DF *UND*	00000000 _ZN7android7String85setToERKS0_
00000000      DF *UND*	00000000 _ZN7android16CameraParameters16setPreviewFormatEPKc
00000000      DF *UND*	00000000 _ZN7android16CameraParameters16setPictureFormatEPKc
00000000      DF *UND*	00000000 _ZN7android7String8C1EPKc
00000000      DO *UND*	00000000 _ZN7android16CameraParameters33KEY_SUPPORTED_PREVIEW_FRAME_RATESE
00000000      DO *UND*	00000000 _ZN7android16CameraParameters22KEY_VIDEO_FRAME_FORMATE
00000000      DO *UND*	00000000 _ZN7android16CameraParameters16KEY_CAPTURE_MODEE
00000000      DO *UND*	00000000 _ZN7android16CameraParameters19CAPTURE_MODE_NORMALE
00000000      DO *UND*	00000000 _ZN7android16CameraParameters34KEY_SUPPORTED_JPEG_THUMBNAIL_SIZESE
00000000      DO *UND*	00000000 _ZN7android16CameraParameters19KEY_FOCUS_DISTANCESE
00000000      DO *UND*	00000000 _ZN7android16CameraParameters21KEY_PREVIEW_FPS_RANGEE
00000000      DO *UND*	00000000 _ZN7android16CameraParameters31KEY_SUPPORTED_PREVIEW_FPS_RANGEE
00000000      DO *UND*	00000000 _ZN7android16CameraParameters18KEY_ZOOM_SUPPORTEDE
00000000      DO *UND*	00000000 _ZN7android16CameraParameters15KEY_ZOOM_RATIOSE
00000000      DO *UND*	00000000 _ZN7android16CameraParameters15ANTIBANDING_OFFE
00000000      DO *UND*	00000000 _ZN7android16CameraParameters11EFFECT_NONEE
00000000      DO *UND*	00000000 _ZN7android16CameraParameters18WHITE_BALANCE_AUTOE
00000000      DO *UND*	00000000 _ZN7android16CameraParameters23AUTO_EXPOSURE_FRAME_AVGE
00000000      DO *UND*	00000000 _ZN7android16CameraParameters29KEY_SUPPORTED_PREVIEW_FORMATSE
00000000      DO *UND*	00000000 _ZN7android16CameraParameters38KEY_SUPPORTED_PREVIEW_FRAME_RATE_MODESE
00000000      DO *UND*	00000000 _ZN7android16CameraParameters27KEY_SUPPORTED_PREVIEW_SIZESE
00000000      DO *UND*	00000000 _ZN7android16CameraParameters27KEY_SUPPORTED_PICTURE_SIZESE
00000000      DO *UND*	00000000 _ZN7android16CameraParameters25KEY_SUPPORTED_ANTIBANDINGE
00000000      DO *UND*	00000000 _ZN7android16CameraParameters27KEY_SUPPORTED_AUTO_EXPOSUREE
00000000      DO *UND*	00000000 _ZN7android16CameraParameters21KEY_SUPPORTED_EFFECTSE
00000000      DO *UND*	00000000 _ZN7android16CameraParameters27KEY_SUPPORTED_WHITE_BALANCEE
00000000      DO *UND*	00000000 _ZN7android16CameraParameters25KEY_SUPPORTED_FOCUS_MODESE
00000000      DO *UND*	00000000 _ZN7android16CameraParameters15FOCUS_MODE_AUTOE
00000000      DF *UND*	00000000 _ZN7android16CameraParameters15set3DFileFormatEPKc
00000000      DF *UND*	00000000 _ZN7android16CameraParameters8setFloatEPKcf
00000000      DO *UND*	00000000 _ZN7android16CameraParameters32KEY_AUTO_EXPOSURE_LOCK_SUPPORTEDE
00000000      DO *UND*	00000000 _ZN7android16CameraParameters36KEY_AUTO_WHITEBALANCE_LOCK_SUPPORTEDE
00000000      DO *UND*	00000000 _ZN7android16CameraParameters28KEY_VIDEO_SNAPSHOT_SUPPORTEDE
00000000      DO *UND*	00000000 _ZN7android16CameraParameters23KEY_VIDEO_STABILIZATIONE
00000000      DO *UND*	00000000 _ZN7android16CameraParameters33KEY_VIDEO_STABILIZATION_SUPPORTEDE
00000000      DO *UND*	00000000 _ZN7android16CameraParameters29KEY_SUPPORTED_PICTURE_FORMATSE
00000000      DO *UND*	00000000 _ZN7android16CameraParameters14FLASH_MODE_OFFE
00000000      DO *UND*	00000000 _ZN7android16CameraParameters25KEY_SUPPORTED_FLASH_MODESE
00000000      DO *UND*	00000000 _ZN7android16CameraParameters17KEY_MAX_SHARPNESSE
00000000      DO *UND*	00000000 _ZN7android16CameraParameters18KEY_MAX_SATURATIONE
00000000      DO *UND*	00000000 _ZN7android16CameraParameters16KEY_MAX_CONTRASTE
00000000      DO *UND*	00000000 _ZN7android16CameraParameters29KEY_MAX_EXPOSURE_COMPENSATIONE
00000000      DO *UND*	00000000 _ZN7android16CameraParameters29KEY_MIN_EXPOSURE_COMPENSATIONE
00000000      DO *UND*	00000000 _ZN7android16CameraParameters30KEY_EXPOSURE_COMPENSATION_STEPE
00000000      DO *UND*	00000000 _ZN7android16CameraParameters17PIXEL_FORMAT_JPEGE
00000000      DO *UND*	00000000 _ZN7android16CameraParameters8ISO_AUTOE
00000000      DO *UND*	00000000 _ZN7android16CameraParameters29KEY_SUPPORTED_LENSSHADE_MODESE
00000000      DO *UND*	00000000 _ZN7android16CameraParameters16LENSSHADE_ENABLEE
00000000      DO *UND*	00000000 _ZN7android16CameraParameters23KEY_SUPPORTED_ISO_MODESE
00000000      DO *UND*	00000000 _ZN7android16CameraParameters29SKIN_TONE_ENHANCEMENT_DISABLEE
00000000      DO *UND*	00000000 _ZN7android16CameraParameters17HISTOGRAM_DISABLEE
00000000      DO *UND*	00000000 _ZN7android16CameraParameters13KEY_HISTOGRAME
00000000      DO *UND*	00000000 _ZN7android16CameraParameters29KEY_SUPPORTED_HISTOGRAM_MODESE
00000000      DO *UND*	00000000 _ZN7android16CameraParameters25KEY_SKIN_TONE_ENHANCEMENTE
00000000      DO *UND*	00000000 _ZN7android16CameraParameters41KEY_SUPPORTED_SKIN_TONE_ENHANCEMENT_MODESE
00000000      DO *UND*	00000000 _ZN7android16CameraParameters25KEY_SUPPORTED_SCENE_MODESE
00000000      DO *UND*	00000000 _ZN7android16CameraParameters15SCENE_MODE_AUTOE
00000000      DO *UND*	00000000 _ZN7android16CameraParameters16TOUCH_AF_AEC_OFFE
00000000      DO *UND*	00000000 _ZN7android16CameraParameters17CONTINUOUS_AF_OFFE
00000000      DO *UND*	00000000 _ZN7android16CameraParameters27KEY_SUPPORTED_CONTINUOUS_AFE
00000000      DO *UND*	00000000 _ZN7android16CameraParameters16KEY_TOUCH_AF_AECE
00000000      DO *UND*	00000000 _ZN7android16CameraParameters25KEY_HORIZONTAL_VIEW_ANGLEE
00000000      DO *UND*	00000000 _ZN7android16CameraParameters16SCENE_DETECT_OFFE
00000000      DO *UND*	00000000 _ZN7android16CameraParameters26KEY_SUPPORTED_SCENE_DETECTE
00000000      DO *UND*	00000000 _ZN7android16CameraParameters23KEY_VERTICAL_VIEW_ANGLEE
00000000      DO *UND*	00000000 _ZN7android16CameraParameters23SELECTABLE_ZONE_AF_AUTOE
00000000      DO *UND*	00000000 _ZN7android16CameraParameters32KEY_SUPPORTED_SELECTABLE_ZONE_AFE
00000000      DO *UND*	00000000 _ZN7android16CameraParameters18FACE_DETECTION_OFFE
00000000      DO *UND*	00000000 _ZN7android16CameraParameters28KEY_SUPPORTED_FACE_DETECTIONE
00016929 g    DF .text	0000001e _ZN7android22QualcommCameraHardware10FrameQueue5flushEv
00000000      DF *UND*	00000000 _ZN7android10VectorImpl5clearEv
00016949 g    DF .text	00000318 _ZN7android22QualcommCameraHardware14runFrameThreadEPv
00000000      DF *UND*	00000000 native_handle_delete
00016c61 g    DF .text	00000044 _ZN7android22QualcommCameraHardware10FrameQueue3getEv
00000000      DF *UND*	00000000 _ZN7android10VectorImpl13removeItemsAtEjj
00016ca5 g    DF .text	0000058c _ZN7android22QualcommCameraHardware16runPreviewThreadEPv
00000000      DF *UND*	00000000 _ZN7android10CameraFace14processPreviewEPhRNS_16CameraParametersE
00000000      DF *UND*	00000000 _ZN7android16CameraParametersD1Ev
00017231 g    DF .text	00000036 _ZN7android22QualcommCameraHardware10FrameQueue3addEP9msm_frame
00000000      DF *UND*	00000000 _ZN7android10VectorImpl3addEPKv
00017269 g    DF .text	0000004c _ZN7android22QualcommCameraHardware19receivePreviewFrameEP9msm_frame
00000000      DF *UND*	00000000 _ZN7android10VectorImplD2Ev
000231f0  w   DO .data.rel.ro	00000048 _ZTVN7android6VectorIP9msm_frameEE
000172dd g    DF .text	00000040 _ZN7android22QualcommCameraHardware10FrameQueueD1Ev
00000000      DF *UND*	00000000 pthread_cond_destroy
00023458 g    DO .data.rel.ro	00000020 _ZTVN7android22QualcommCameraHardware10FrameQueueE
0001731d g    DF .text	000001e8 _ZN7android22QualcommCameraHardwareD1Ev
00000000      DF *UND*	00000000 gettid
00000000      DF *UND*	00000000 _ZN7android10CameraFaceD1Ev
00000000      DF *UND*	00000000 _ZN7android8CameraPPD1Ev
00023360 g    DO .data.rel.ro	00000098 _ZTVN7android22QualcommCameraHardwareE
00017505 g    DF .text	00000012 _ZN7android22QualcommCameraHardwareD0Ev
0001731d g    DF .text	000001e8 _ZN7android22QualcommCameraHardwareD2Ev
00017519 g    DF .text	00000012 _ZN7android22QualcommCameraHardware10FrameQueueD0Ev
000172dd g    DF .text	00000040 _ZN7android22QualcommCameraHardware10FrameQueueD2Ev
00017541 g    DF .text	00000054 _ZN7android22QualcommCameraHardware10FrameQueueC1Ev
00000000      DF *UND*	00000000 pthread_cond_init
00000000      DF *UND*	00000000 _ZN7android10VectorImplC2Ejj
00017595 g    DF .text	000004fc _ZN7android22QualcommCameraHardwareC1Ev
00000000      DF *UND*	00000000 _ZN7android16CameraParametersC1Ev
00000000      DF *UND*	00000000 _ZN7android8CameraPPC1Ev
00000000      DF *UND*	00000000 _ZN7android10CameraFaceC1Ev
00000000      DF *UND*	00000000 fgetc
00017a91 g    DF .text	00000024 _ZN7android22QualcommCameraHardware11getInstanceEv
00023f2c g    DO .bss	00000004 _ZN7android8hardwareE
00017ad1 g    DF .text	00000054 _ZN7android15snapshot_threadEPv
00017b4d g    DF .text	00000054 _ZN7android19htc_callback_threadEPv
00017ba1 g    DF .text	00000054 _ZN7android12frame_threadEPv
00017bf5 g    DF .text	00000060 _ZN7android14preview_threadEPv
00017d15 g    DF .text	00000258 _ZN7android22QualcommCameraHardware14createInstanceEi
00000000      DF *UND*	00000000 stat
00017f6d g    DF .text	00000024 HAL_openCameraHardware
00017595 g    DF .text	000004fc _ZN7android22QualcommCameraHardwareC2Ev
00017541 g    DF .text	00000054 _ZN7android22QualcommCameraHardware10FrameQueueC2Ev
00017f91 g    DF .text	0000004c set_to_attr
00000000      DF *UND*	00000000 fwrite
00017fdd g    DF .text	00000100 _ZN7android22QualcommCameraHardware10setCamModeERKNS_16CameraParametersE
000180dd g    DF .text	00000994 _ZN7android22QualcommCameraHardware13setParametersERKNS_16CameraParametersE
00000000      DF *UND*	00000000 usleep
00000000      DF *UND*	00000000 _ZNK7android16CameraParameters7flattenEv
00000000      DF *UND*	00000000 _ZN7android8CameraPP13setParametersENS_16CameraParametersE
00000000      DF *UND*	00000000 _ZN7android10CameraFace13setParametersERKNS_16CameraParametersE
00018a71 g    DF .text	0000006c get_from_attr
00000000      DF *UND*	00000000 fread
00018add g    DF .text	000002a0 _ZN7android22QualcommCameraHardware28check_flashlight_restrictionEv
00018d7d g    DF .text	00000128 _ZN7android22QualcommCameraHardware20check_3D_restrictionEv
00018eed g    DF .text	00000054 _ZN7android22QualcommCameraHardware13cancelPictureEv
00018f41 g    DF .text	00000064 _ZN7android22QualcommCameraHardware23cancelAutoFocusInternalEv
00018fa5 g    DF .text	00000036 _ZN7android22QualcommCameraHardware15cancelAutoFocusEv
0001900d g    DF .text	00000030 _ZN7android21cam_frame_flush_videoEv
00000000      DF *UND*	00000000 free
0001903d g    DF .text	0000042c _ZN7android22QualcommCameraHardware10initRecordEv
00000000      DF *UND*	00000000 native_handle_create
00019469 g    DF .text	000002a0 _ZN7android22QualcommCameraHardware11initPreviewEv
00019709 g    DF .text	00000334 _ZN7android22QualcommCameraHardware19stopPreviewInternalEv
00000000      DF *UND*	00000000 android_atomic_release_store
00019a3d g    DF .text	00000168 _ZN7android22QualcommCameraHardware13stopRecordingEv
00019ba5 g    DF .text	0000005c _ZN7android22QualcommCameraHardware11stopPreviewEv
00019c01 g    DF .text	000003a0 _ZN7android22QualcommCameraHardware7releaseEv
00000000      DF *UND*	00000000 pthread_join
00019fa1 g    DF .text	000002fc _ZN7android22QualcommCameraHardware11takePictureEv
00000000      DF *UND*	00000000 clock
00000000      DF *UND*	00000000 _ZNK7android16CameraParameters16getPictureFormatEv
00000000      DO *UND*	00000000 _ZN7android16CameraParameters16PIXEL_FORMAT_RAWE
0001a2c1 g    DF .text	00000200 _ZN7android22QualcommCameraHardware22startRecordingInternalEv
0001b609 g    DF .text	0000004c _ZN7android12video_threadEPv
0001a4c1 g    DF .text	00000308 _ZN7android22QualcommCameraHardware20startPreviewInternalEv
000240fc g    DO .bss	00000008 parms
0001a7c9 g    DF .text	00000638 _ZN7android22QualcommCameraHardware25getBuffersAndStartPreviewEv
0001ae01 g    DF .text	000000c4 _ZN7android22QualcommCameraHardware16setPreviewWindowEP18preview_stream_ops
0001aec5 g    DF .text	00000070 _ZN7android22QualcommCameraHardware12startPreviewEv
0001af35 g    DF .text	000001c0 _ZN7android22QualcommCameraHardware14startRecordingEv
0001b0f5 g    DF .text	00000514 _ZN7android22QualcommCameraHardware14runVideoThreadEPv
000241ec g    DO .bss	00000004 LINK_camframe_video_callback
000240dc g    DO .bss	00000004 LINK_jpeg_encoder_setEXIFISOValue
00024010 g    DO .bss	00000004 LINK_jpeg_encoder_setLocation
00024220 g    DO .bss	00000004 LINK_zoom_crop_upscale
00000000      DF *UND*	00000000 _ZN7android7RefBase10onFirstRefEv
00000000      DF *UND*	00000000 _ZN7android7RefBase15onLastStrongRefEPKv
00000000      DF *UND*	00000000 _ZN7android7RefBase20onIncStrongAttemptedEjPKv
00000000      DF *UND*	00000000 _ZN7android7RefBase13onLastWeakRefEPKv
00000000      DF *UND*	00000000 _ZN7android10VectorImpl19reservedVectorImpl1Ev
00000000      DF *UND*	00000000 _ZN7android10VectorImpl19reservedVectorImpl2Ev
00000000      DF *UND*	00000000 _ZN7android10VectorImpl19reservedVectorImpl3Ev
00000000      DF *UND*	00000000 _ZN7android10VectorImpl19reservedVectorImpl4Ev
00000000      DF *UND*	00000000 _ZN7android10VectorImpl19reservedVectorImpl5Ev
00000000      DF *UND*	00000000 _ZN7android10VectorImpl19reservedVectorImpl6Ev
00000000      DF *UND*	00000000 _ZN7android10VectorImpl19reservedVectorImpl7Ev
00000000      DF *UND*	00000000 _ZN7android10VectorImpl19reservedVectorImpl8Ev
00000000      DF *UND*	00000000 _ZN7android16SortedVectorImpl25reservedSortedVectorImpl1Ev
00000000      DF *UND*	00000000 _ZN7android16SortedVectorImpl25reservedSortedVectorImpl2Ev
00000000      DF *UND*	00000000 _ZN7android16SortedVectorImpl25reservedSortedVectorImpl3Ev
00000000      DF *UND*	00000000 _ZN7android16SortedVectorImpl25reservedSortedVectorImpl4Ev
00000000      DF *UND*	00000000 _ZN7android16SortedVectorImpl25reservedSortedVectorImpl5Ev
00000000      DF *UND*	00000000 _ZN7android16SortedVectorImpl25reservedSortedVectorImpl6Ev
00000000      DF *UND*	00000000 _ZN7android16SortedVectorImpl25reservedSortedVectorImpl7Ev
00000000      DF *UND*	00000000 _ZN7android16SortedVectorImpl25reservedSortedVectorImpl8Ev
00000000      DO *UND*	00000000 _ZN7android16CameraParameters26WHITE_BALANCE_INCANDESCENTE
00000000      DO *UND*	00000000 _ZN7android16CameraParameters25WHITE_BALANCE_FLUORESCENTE
00000000      DO *UND*	00000000 _ZN7android16CameraParameters22WHITE_BALANCE_DAYLIGHTE
00000000      DO *UND*	00000000 _ZN7android16CameraParameters29WHITE_BALANCE_CLOUDY_DAYLIGHTE
00000000      DO *UND*	00000000 _ZN7android16CameraParameters16ANTIBANDING_50HZE
00000000      DO *UND*	00000000 _ZN7android16CameraParameters16ANTIBANDING_60HZE
00000000      DO *UND*	00000000 _ZN7android16CameraParameters16ANTIBANDING_AUTOE
00000000      DO *UND*	00000000 _ZN7android16CameraParameters20SCENE_MODE_LANDSCAPEE
00000000      DO *UND*	00000000 _ZN7android16CameraParameters15SCENE_MODE_SNOWE
00000000      DO *UND*	00000000 _ZN7android16CameraParameters16SCENE_MODE_BEACHE
00000000      DO *UND*	00000000 _ZN7android16CameraParameters17SCENE_MODE_SUNSETE
00000000      DO *UND*	00000000 _ZN7android16CameraParameters16SCENE_MODE_NIGHTE
00000000      DO *UND*	00000000 _ZN7android16CameraParameters19SCENE_MODE_PORTRAITE
00000000      DO *UND*	00000000 _ZN7android16CameraParameters20SCENE_MODE_BACKLIGHTE
00000000      DO *UND*	00000000 _ZN7android16CameraParameters17SCENE_MODE_SPORTSE
00000000      DO *UND*	00000000 _ZN7android16CameraParameters22SCENE_MODE_STEADYPHOTOE
00000000      DO *UND*	00000000 _ZN7android16CameraParameters22SCENE_MODE_CANDLELIGHTE
00000000      DO *UND*	00000000 _ZN7android16CameraParameters20SCENE_MODE_FIREWORKSE
00000000      DO *UND*	00000000 _ZN7android16CameraParameters16SCENE_MODE_PARTYE
00000000      DO *UND*	00000000 _ZN7android16CameraParameters25SCENE_MODE_NIGHT_PORTRAITE
00000000      DO *UND*	00000000 _ZN7android16CameraParameters18SCENE_MODE_THEATREE
00000000      DO *UND*	00000000 _ZN7android16CameraParameters17SCENE_MODE_ACTIONE
00000000      DO *UND*	00000000 _ZN7android16CameraParameters15SCENE_DETECT_ONE
00000000      DO *UND*	00000000 _ZN7android16CameraParameters16CONTINUOUS_AF_ONE
00000000      DO *UND*	00000000 _ZN7android16CameraParameters17LENSSHADE_DISABLEE
00000000      DO *UND*	00000000 _ZN7android16CameraParameters21PIXEL_FORMAT_YUV420SPE
00000000      DO *UND*	00000000 _ZN7android16CameraParameters20PIXEL_FORMAT_YUV420PE
00000000      DO *UND*	00000000 _ZN7android16CameraParameters28PIXEL_FORMAT_YUV420SP_ADRENOE
00000000      DO *UND*	00000000 _ZN7android16CameraParameters28SKIN_TONE_ENHANCEMENT_ENABLEE
00000000      DO *UND*	00000000 _ZN7android16CameraParameters11EFFECT_MONOE
00000000      DO *UND*	00000000 _ZN7android16CameraParameters15EFFECT_NEGATIVEE
00000000      DO *UND*	00000000 _ZN7android16CameraParameters15EFFECT_SOLARIZEE
00000000      DO *UND*	00000000 _ZN7android16CameraParameters12EFFECT_SEPIAE
00000000      DO *UND*	00000000 _ZN7android16CameraParameters16EFFECT_POSTERIZEE
00000000      DO *UND*	00000000 _ZN7android16CameraParameters17EFFECT_WHITEBOARDE
00000000      DO *UND*	00000000 _ZN7android16CameraParameters11EFFECT_AQUAE
00000000      DO *UND*	00000000 _ZN7android16CameraParameters32SELECTABLE_ZONE_AF_SPOT_METERINGE
00000000      DO *UND*	00000000 _ZN7android16CameraParameters34SELECTABLE_ZONE_AF_CENTER_WEIGHTEDE
00000000      DO *UND*	00000000 _ZN7android16CameraParameters32SELECTABLE_ZONE_AF_FRAME_AVERAGEE
00000000      DO *UND*	00000000 _ZN7android16CameraParameters16HISTOGRAM_ENABLEE
00000000      DO *UND*	00000000 _ZN7android16CameraParameters17FACE_DETECTION_ONE
00000000      DO *UND*	00000000 _ZN7android16CameraParameters7ISO_HJRE
00000000      DO *UND*	00000000 _ZN7android16CameraParameters7ISO_100E
00000000      DO *UND*	00000000 _ZN7android16CameraParameters7ISO_200E
00000000      DO *UND*	00000000 _ZN7android16CameraParameters7ISO_400E
00000000      DO *UND*	00000000 _ZN7android16CameraParameters7ISO_800E
00000000      DO *UND*	00000000 _ZN7android16CameraParameters8ISO_1600E
00000000      DO *UND*	00000000 _ZN7android16CameraParameters29AUTO_EXPOSURE_CENTER_WEIGHTEDE
00000000      DO *UND*	00000000 _ZN7android16CameraParameters27AUTO_EXPOSURE_SPOT_METERINGE
00000000      DO *UND*	00000000 _ZN7android16CameraParameters17FOCUS_MODE_NORMALE
00000000      DO *UND*	00000000 _ZN7android16CameraParameters15FLASH_MODE_AUTOE
00000000      DO *UND*	00000000 _ZN7android16CameraParameters13FLASH_MODE_ONE
00000000      DO *UND*	00000000 _ZN7android16CameraParameters16FLASH_MODE_TORCHE
00000000      DO *UND*	00000000 _ZN7android16CameraParameters15FILE_FORMAT_MPOE
00000000      DO *UND*	00000000 _ZN7android16CameraParameters32KEY_PREVIEW_FRAME_RATE_AUTO_MODEE
00000000      DO *UND*	00000000 _ZN7android16CameraParameters33KEY_PREVIEW_FRAME_RATE_FIXED_MODEE
00000000      DF *UND*	00000000 __cxa_pure_virtual
0001b655 g    DF .text	00000012 _ZN7android19cam_notify_callbackEiiiPv
0001b669 g    DF .text	0000000e _ZN7android16util_get_Hal_objEP13camera_device
0001b679 g    DF .text	0000000e _ZN7android22util_get_HAL_parameterEP13camera_device
0001b689 g    DF .text	00000014 enable_msg_type
0001b69d g    DF .text	00000014 disable_msg_type
0001b6b1 g    DF .text	00000018 msg_type_enabled
0001b6c9 g    DF .text	00000014 preview_enabled
0001b6dd g    DF .text	00000010 get_number_of_video_buffers
0001b6ed g    DF .text	00000014 recording_enabled
0001b701 g    DF .text	00000014 release_recording_frame
0001b715 g    DF .text	00000008 put_parameters
0001b71d g    DF .text	00000024 send_command
0001b741 g    DF .text	00000012 dump
00023dac g    DO .data	00000088 HMI
0002443c g    DO .bss	00000018 _ZN7android7g_paramE
00024454 g    DO .bss	00000004 _ZN7android5g_strE
0001b7c1 g    DF .text	00000058 release
0001b819 g    DF .text	00000058 cancel_picture
0001b871 g    DF .text	00000058 take_picture
0001b8c9 g    DF .text	00000058 cancel_auto_focus
0001b921 g    DF .text	00000058 auto_focus
0001b979 g    DF .text	0000003c get_video_buffer
0001b9b5 g    DF .text	00000050 stop_recording
0001ba05 g    DF .text	00000058 start_recording
0001ba5d g    DF .text	00000060 store_meta_data_in_buffers
0001babd g    DF .text	00000050 stop_preview
0001bb0d g    DF .text	00000058 start_preview
0001bb65 g    DF .text	00000084 set_callbacks
0001bbe9 g    DF .text	00000060 set_preview_window
0001bc49 g    DF .text	00000068 _ZN7android13close_Hal_objEP13camera_device
0001bcb1 g    DF .text	00000034 _ZN7android7get_memEijjPv
0001bce5 g    DF .text	00000090 get_parameters
00000000      DF *UND*	00000000 _ZN7android16SortedVectorImplaSERKS0_
0001bd75 g    DF .text	00000060 set_parameters
00000000      DF *UND*	00000000 _ZN7android16CameraParameters9unflattenERKNS_7String8E
0001bdd5 g    DF .text	0000003c close_camera_device
0001be11 g    DF .text	000000a8 camera_device_open
00023d48 g    DO .data	00000064 camera_ops
0001beb9 g    DF .text	00000036 get_camera_info
0001bef1 g    DF .text	00000008 get_number_of_cameras
00000000      DF *UND*	00000000 __cxa_finalize
00023008 g    D  .init_array	00000000 __INIT_ARRAY__
00023010 g    D  .fini_array	00000000 __FINI_ARRAY__
000221a8 g    D  *ABS*	00000000 __exidx_start
000227d0 g    D  *ABS*	00000000 __exidx_end
00023c64 g    D  .data	00000000 __data_start
00023e38 g    D  *ABS*	00000000 _edata
00023e38 g    D  *ABS*	00000000 __bss_start
00023e38 g    D  *ABS*	00000000 __bss_start__
00024458 g    D  *ABS*	00000000 _bss_end__
00024458 g    D  *ABS*	00000000 __bss_end__
00024458 g    D  *ABS*	00000000 __end__
00024458 g    D  *ABS*	00000000 _end
00080000 g    D  *ABS*	00000000 _stack


